Using pre-set license
Built from '2020.3/staging' branch; Version is '2020.3.8f1 (507919d4fff5) revision 5273881'; Using compiler version '192528614'; Build Type 'Release'
OS: 'Windows 10 Home; OS build 22000.856; Version 2009; 64bit' Language: 'ja' Physical Memory: 32605 MB
BatchMode: 1, IsHumanControllingUs: 0, StartBugReporterOnCrash: 0, Is64bit: 1, IsPro: 0

 COMMAND LINE ARGUMENTS:
C:\Program Files\Unity\Hub\Editor\2020.3.8f1\Editor\Unity.exe
-adb2
-batchMode
-noUpm
-name
AssetImportWorker0
-projectPath
C:/git/Rat_family_tree_project/GenogramProject
-logFile
Logs/AssetImportWorker0.log
-srvPort
60944
Successfully changed project path to: C:/git/Rat_family_tree_project/GenogramProject
C:/git/Rat_family_tree_project/GenogramProject
Using Asset Import Pipeline V2.
Refreshing native plugins compatible for Editor in 16.18 ms, found 0 plugins.
Preloading 0 native plugins for Editor in 0.00 ms.
Initialize engine version: 2020.3.8f1 (507919d4fff5)
[Subsystems] Discovering subsystems at path C:/Program Files/Unity/Hub/Editor/2020.3.8f1/Editor/Data/Resources/UnitySubsystems
[Subsystems] Discovering subsystems at path C:/git/Rat_family_tree_project/GenogramProject/Assets
GfxDevice: creating device client; threaded=0
Direct3D:
    Version:  Direct3D 11.0 [level 11.1]
    Renderer: NVIDIA GeForce RTX 3070 (ID=0x2484)
    Vendor:   
    VRAM:     8043 MB
    Driver:   27.21.14.6089
Initialize mono
Mono path[0] = 'C:/Program Files/Unity/Hub/Editor/2020.3.8f1/Editor/Data/Managed'
Mono path[1] = 'C:/Program Files/Unity/Hub/Editor/2020.3.8f1/Editor/Data/MonoBleedingEdge/lib/mono/unityjit'
Mono config path = 'C:/Program Files/Unity/Hub/Editor/2020.3.8f1/Editor/Data/MonoBleedingEdge/etc'
Using monoOptions --debugger-agent=transport=dt_socket,embedding=1,server=y,suspend=n,address=127.0.0.1:56772
Begin MonoManager ReloadAssembly
Registering precompiled unity dll's ...
Register platform support module: C:/Program Files/Unity/Hub/Editor/2020.3.8f1/Editor/Data/PlaybackEngines/WindowsStandaloneSupport/UnityEditor.WindowsStandalone.Extensions.dll
Registered in 0.000924 seconds.
Native extension for WindowsStandalone target not found
Refreshing native plugins compatible for Editor in 15.17 ms, found 0 plugins.
Preloading 0 native plugins for Editor in 0.00 ms.
Mono: successfully reloaded assembly
- Completed reload, in  0.934 seconds
Platform modules already initialized, skipping
Registering precompiled user dll's ...
Registered in 0.000380 seconds.
Begin MonoManager ReloadAssembly
Native extension for WindowsStandalone target not found
Refreshing native plugins compatible for Editor in 0.14 ms, found 0 plugins.
Preloading 0 native plugins for Editor in 0.00 ms.
Mono: successfully reloaded assembly
- Completed reload, in  0.489 seconds
Platform modules already initialized, skipping
========================================================================
Worker process is ready to serve import requests
Launched and connected shader compiler UnityShaderCompiler.exe after 0.03 seconds
Refreshing native plugins compatible for Editor in 0.16 ms, found 0 plugins.
Preloading 0 native plugins for Editor in 0.00 ms.
Unloading 1175 Unused Serialized files (Serialized files now loaded: 0)
System memory in use before: 63.2 MB.
System memory in use after: 63.3 MB.

Unloading 10 unused Assets to reduce memory usage. Loaded Objects now: 1617.
Total: 1.136400 ms (FindLiveObjects: 0.086300 ms CreateObjectMapping: 0.023400 ms MarkObjects: 0.935600 ms  DeleteObjects: 0.090500 ms)

========================================================================
Received Import Request.
  path: Assets/Scenes/SampleScene.unity
  artifactKey: Guid(9fc0d4010bbf28b4594072e72b8655ab) Importer(815301076,1909f56bfc062723c751e8b465ee728b)
Start importing Assets/Scenes/SampleScene.unity using Guid(9fc0d4010bbf28b4594072e72b8655ab) Importer(815301076,1909f56bfc062723c751e8b465ee728b)  -> (artifact id: 'dcc088d1731b590f9572c6f2bab98c6a') in 0.021719 seconds
  Import took 0.022935 seconds .

========================================================================
Received Import Request.
  Time since last request: 10.222372 seconds.
  path: Assets/Resources/ConnectingLine_Parallel.prefab
  artifactKey: Guid(74bb3923ba1a78e44b21f816d2856505) Importer(815301076,1909f56bfc062723c751e8b465ee728b)
Start importing Assets/Resources/ConnectingLine_Parallel.prefab using Guid(74bb3923ba1a78e44b21f816d2856505) Importer(815301076,1909f56bfc062723c751e8b465ee728b)  -> (artifact id: 'd488fbc0a630cf0c34bc09e80c9cf8ff') in 0.222633 seconds
  Import took 0.224168 seconds .

========================================================================
Received Import Request.
  Time since last request: 0.000157 seconds.
  path: Assets/Resources/InformationPanel.prefab
  artifactKey: Guid(46bb164f0752742438f1dcaea8f99431) Importer(815301076,1909f56bfc062723c751e8b465ee728b)
Start importing Assets/Resources/InformationPanel.prefab using Guid(46bb164f0752742438f1dcaea8f99431) Importer(815301076,1909f56bfc062723c751e8b465ee728b)  -> (artifact id: 'a8e1ebc7294830dd304a954aee9fe7cb') in 0.053472 seconds
  Import took 0.054979 seconds .

========================================================================
Received Import Request.
  Time since last request: 0.000163 seconds.
  path: Assets/Resources/ConnectingLine_Series.prefab
  artifactKey: Guid(eadffb7e7b5f40d4191f50f9ead04042) Importer(815301076,1909f56bfc062723c751e8b465ee728b)
Start importing Assets/Resources/ConnectingLine_Series.prefab using Guid(eadffb7e7b5f40d4191f50f9ead04042) Importer(815301076,1909f56bfc062723c751e8b465ee728b)  -> (artifact id: 'a5368f82a75c200d1049b1df161bf8a0') in 0.021088 seconds
  Import took 0.022456 seconds .

========================================================================
Received Import Request.
  Time since last request: 0.000125 seconds.
  path: Assets/Resources/ObjectLayout.prefab
  artifactKey: Guid(e04edfc2dc5d5d942aae01ae434953bb) Importer(815301076,1909f56bfc062723c751e8b465ee728b)
Start importing Assets/Resources/ObjectLayout.prefab using Guid(e04edfc2dc5d5d942aae01ae434953bb) Importer(815301076,1909f56bfc062723c751e8b465ee728b)  -> (artifact id: '088b541b94ecf5afd0f4e0842b88c148') in 0.017150 seconds
  Import took 0.018548 seconds .

========================================================================
Received Import Request.
  Time since last request: 0.000119 seconds.
  path: Assets/Resources/FemaleObject.prefab
  artifactKey: Guid(0c51054780553b149822ca6f0b007475) Importer(815301076,1909f56bfc062723c751e8b465ee728b)
Start importing Assets/Resources/FemaleObject.prefab using Guid(0c51054780553b149822ca6f0b007475) Importer(815301076,1909f56bfc062723c751e8b465ee728b)  -> (artifact id: 'd93b2db86f2ed4386c3eacd11a2acf46') in 0.036128 seconds
  Import took 0.037702 seconds .

========================================================================
Received Import Request.
  Time since last request: 0.000131 seconds.
  path: Assets/Resources/MaleObject.prefab
  artifactKey: Guid(ce0cbd7b214314d449110340061bbf0f) Importer(815301076,1909f56bfc062723c751e8b465ee728b)
Start importing Assets/Resources/MaleObject.prefab using Guid(ce0cbd7b214314d449110340061bbf0f) Importer(815301076,1909f56bfc062723c751e8b465ee728b)  -> (artifact id: '2f0cb3e0aa86363d8d605d3ffcca7491') in 0.033481 seconds
  Import took 0.034944 seconds .

========================================================================
Received Import Request.
  Time since last request: 6.992700 seconds.
  path: Assets/Scenes/MaineScene.unity
  artifactKey: Guid(979a95b56b8368b4c84577b22f7c85ee) Importer(815301076,1909f56bfc062723c751e8b465ee728b)
Start importing Assets/Scenes/MaineScene.unity using Guid(979a95b56b8368b4c84577b22f7c85ee) Importer(815301076,1909f56bfc062723c751e8b465ee728b)  -> (artifact id: 'e1a3e186cb38237830eb0070a2162251') in 0.017437 seconds
  Import took 0.018711 seconds .

